16

C 1.818653 -1.750000 0.000000
C 3.031089 0.350000 0.000000
C 0.606218 1.750000 0.000000
C -1.818653 0.350000 0.000000
C -3.031089 -0.350000 0.000000
C 0.606218 -2.450000 0.000000
C -1.818653 -2.450000 0.000000
C 3.031089 1.750000 0.000000
C 0.606218 0.350000 0.000000
C 1.818653 2.450000 0.000000
C -0.606218 -1.750000 0.000000
C 1.818653 -0.350000 0.000000
C -1.818653 1.750000 0.000000
C -0.606218 -0.350000 0.000000
C -0.606218 2.450000 0.000000
C -3.031089 -1.750000 0.000000
19
7 16
5 16
11 7
6 11
4 5
14 4
14 11
1 6
13 4
9 14
12 9
12 1
15 13
3 9
3 15
2 12
10 3
8 2
8 10
-------------------------------------------
star polynomial
4*x^2 + 6
Total: 10
